[INFO] Scanning for projects...
[INFO] 
[INFO] ----------------< com.springboot:simple-springboot-app >----------------
[INFO] Building simple-springboot-app 0.0.1-SNAPSHOT
[INFO]   from pom.xml
[INFO] --------------------------------[ jar ]---------------------------------
[INFO] 
[INFO] >>> spring-boot:2.6.14:run (default-cli) > test-compile @ simple-springboot-app >>>
[INFO] 
[INFO] --- resources:3.2.0:resources (default-resources) @ simple-springboot-app ---
[INFO] Using 'UTF-8' encoding to copy filtered resources.
[INFO] Using 'UTF-8' encoding to copy filtered properties files.
[INFO] Copying 2 resources
[INFO] Copying 0 resource
[INFO] 
[INFO] --- compiler:3.8.1:compile (default-compile) @ simple-springboot-app ---
[INFO] Nothing to compile - all classes are up to date
[INFO] 
[INFO] --- resources:3.2.0:testResources (default-testResources) @ simple-springboot-app ---
[INFO] Using 'UTF-8' encoding to copy filtered resources.
[INFO] Using 'UTF-8' encoding to copy filtered properties files.
[INFO] skip non existing resourceDirectory C:\Users\workw\OneDrive\Desktop\sample-cart-offer\src\test\resources
[INFO] 
[INFO] --- compiler:3.8.1:testCompile (default-testCompile) @ simple-springboot-app ---
[INFO] Nothing to compile - all classes are up to date
[INFO] 
[INFO] <<< spring-boot:2.6.14:run (default-cli) < test-compile @ simple-springboot-app <<<
[INFO] 
[INFO] 
[INFO] --- spring-boot:2.6.14:run (default-cli) @ simple-springboot-app ---
[INFO] Attaching agents: []

  .   ____          _            __ _ _
 /\\ / ___'_ __ _ _(_)_ __  __ _ \ \ \ \
( ( )\___ | '_ | '_| | '_ \/ _` | \ \ \ \
 \\/  ___)| |_)| | | | | || (_| |  ) ) ) )
  '  |____| .__|_| |_|_| |_\__, | / / / /
 =========|_|==============|___/=/_/_/_/
 :: Spring Boot ::               (v2.6.14)

2025-11-30 01:37:26.395  INFO 12624 --- [           main] com.springboot.CartOfferApplication      : Starting CartOfferApplication using Java 19.0.2 on FloodyOp with PID 12624 (C:\Users\workw\OneDrive\Desktop\sample-cart-offer\target\classes started by workw in C:\Users\workw\OneDrive\Desktop\sample-cart-offer)
2025-11-30 01:37:26.409  INFO 12624 --- [           main] com.springboot.CartOfferApplication      : The following 1 profile is active: "complex"
2025-11-30 01:37:27.935  INFO 12624 --- [           main] o.s.b.w.embedded.tomcat.TomcatWebServer  : Tomcat initialized with port(s): 9001 (http)
2025-11-30 01:37:27.951  INFO 12624 --- [           main] o.apache.catalina.core.StandardService   : Starting service [Tomcat]
2025-11-30 01:37:27.951  INFO 12624 --- [           main] org.apache.catalina.core.StandardEngine  : Starting Servlet engine: [Apache Tomcat/9.0.69]
2025-11-30 01:37:28.147  INFO 12624 --- [           main] o.a.c.c.C.[Tomcat].[localhost].[/]       : Initializing Spring embedded WebApplicationContext
2025-11-30 01:37:28.147  INFO 12624 --- [           main] w.s.c.ServletWebServerApplicationContext : Root WebApplicationContext: initialization completed in 1652 ms
2025-11-30 01:37:28.660  INFO 12624 --- [           main] o.s.b.w.embedded.tomcat.TomcatWebServer  : Tomcat started on port(s): 9001 (http) with context path ''
2025-11-30 01:37:28.676  INFO 12624 --- [           main] com.springboot.CartOfferApplication      : Started CartOfferApplication in 2.973 seconds (JVM running for 3.636)
